[debug] [2018-05-03T18:02:26.505Z] ----------------------------------------------------------------------
[debug] [2018-05-03T18:02:26.505Z] Command:       D:\Program Files\nodejs\node.exe D:\Users\Administrator\AppData\Roaming\npm\node_modules\firebase-tools\bin\firebase deploy
[debug] [2018-05-03T18:02:26.505Z] CLI Version:   3.17.4
[debug] [2018-05-03T18:02:26.505Z] Platform:      win32
[debug] [2018-05-03T18:02:26.505Z] Node Version:  v8.9.4
[debug] [2018-05-03T18:02:26.538Z] Time:          Fri May 04 2018 01:02:26 GMT+0700 (SE Asia Standard Time)
[debug] [2018-05-03T18:02:26.538Z] ----------------------------------------------------------------------
[debug] 
[debug] [2018-05-03T18:02:26.585Z] > command requires scopes: ["email","openid","https://www.googleapis.com/auth/cloudplatformprojects.readonly","https://www.googleapis.com/auth/firebase","https://www.googleapis.com/auth/cloud-platform"]
[debug] [2018-05-03T18:02:26.585Z] > authorizing via signed-in user
[debug] [2018-05-03T18:02:26.585Z] > refreshing access token with scopes: ["email","https://www.googleapis.com/auth/cloud-platform","https://www.googleapis.com/auth/cloudplatformprojects.readonly","https://www.googleapis.com/auth/firebase","openid"]
[debug] [2018-05-03T18:02:26.585Z] >>> HTTP REQUEST POST https://www.googleapis.com/oauth2/v3/token  
 { refresh_token: '1/l0_IyK0VcUH8SpsBuemhtMZC4ZmjdWSl-cLk9o4Z9gY2vEB9nM34GeyErIVhXJ-j',
  client_id: '563584335869-fgrhgmd47bqnekij5i8b5pr03ho849e6.apps.googleusercontent.com',
  client_secret: 'j9iVZfS8kkCEFUPaAeJV0sAi',
  grant_type: 'refresh_token',
  scope: 'email https://www.googleapis.com/auth/cloud-platform https://www.googleapis.com/auth/cloudplatformprojects.readonly https://www.googleapis.com/auth/firebase openid' } 
 Fri May 04 2018 01:02:26 GMT+0700 (SE Asia Standard Time)
[debug] [2018-05-03T18:02:27.040Z] <<< HTTP RESPONSE 200
[debug] [2018-05-03T18:02:27.071Z] >>> HTTP REQUEST GET https://admin.firebase.com/v1/projects/anugerahwebts  
  
 Fri May 04 2018 01:02:27 GMT+0700 (SE Asia Standard Time)
[debug] [2018-05-03T18:02:28.425Z] <<< HTTP RESPONSE 200
[debug] [2018-05-03T18:02:28.428Z] >>> HTTP REQUEST GET https://admin.firebase.com/v1/database/anugerahwebts/tokens  
  
 Fri May 04 2018 01:02:28 GMT+0700 (SE Asia Standard Time)
[debug] [2018-05-03T18:02:29.468Z] <<< HTTP RESPONSE 200
